2025-Apr-27 00:46:51 Наличие необходимых модулей php (check_php_modules): Ok
Все необходимые модули установлены
2025-Apr-27 00:46:52 Обязательные параметры PHP (check_php_settings): Ok
Настройки правильные
2025-Apr-27 00:46:52 Модули веб-сервера (check_security): Ok
Конфликтов не выявлено
2025-Apr-27 00:46:52 Значения переменных сервера (check_server_vars): Ok
Корректные
2025-Apr-27 00:46:52 Сохранение сессии (check_session): Ok
50% done
2025-Apr-27 00:46:52 Сохранение сессии (check_session): Ok
Успешно
2025-Apr-27 00:46:52 Параметры настройки UTF (mbstring и константа BX_UTF) (check_mbstring): Ok
Правильные. Сайт работает в UTF кодировке
2025-Apr-27 00:46:52 Служебные скрипты в корне сайта (check_install_scripts): Ok
Отсутствуют
2025-Apr-27 00:46:52 Работа с сокетами (check_socket): Ok
Connection to muttivillas.novikov.in:80	Success

Успешно
2025-Apr-27 00:46:52 Выполнение агентов на cron (check_bx_crontab): Ok
Успешно
2025-Apr-27 00:46:53 Лишний вывод в файлах конфигурации (check_dbconn): Ok
Connection to muttivillas.novikov.in:80	Success

Успешно
2025-Apr-27 00:46:53 Сохранение сессии без UserAgent (check_session_ua): Ok
50% done
Connection to muttivillas.novikov.in:80	Success

2025-Apr-27 00:46:53 Сохранение сессии без UserAgent (check_session_ua): Ok
Connection to muttivillas.novikov.in:80	Success

Успешно
2025-Apr-27 00:46:53 Настройки сайтов (check_sites): Ok
Правильные
2025-Apr-27 00:46:54 Размер стека и pcre.recursion_limit (check_pcre_recursion): Ok
Connection to muttivillas.novikov.in:80	Success

Успешно
2025-Apr-27 00:46:54 Загрузка файла (check_upload): Ok
Connection to muttivillas.novikov.in:80	Success

Успешно
2025-Apr-27 00:46:54 Загрузка файла больше 4Мб (check_upload_big): Ok
Connection to muttivillas.novikov.in:80	Success

Успешно
2025-Apr-27 00:46:54 Загрузка файла через php://input (check_upload_raw): Ok
Connection to muttivillas.novikov.in:80	Success

Успешно
2025-Apr-27 00:46:54 Передача POST запроса с большим числом параметров (check_post): Ok
Connection to muttivillas.novikov.in:80	Success

Успешно
2025-Apr-27 00:46:55 Отправка почты (check_mail): Fail
Ошибка! Не работает
2025-Apr-27 00:46:55 Отправка почтового сообщения больше 64Кб (check_mail_big): Fail
Ошибка! Не работает
2025-Apr-27 00:46:55 Проверка на наличие неотправленных сообщений (check_mail_b_event): Ok
Успешно
2025-Apr-27 00:46:55 Внутреннее перенаправление (функция LocalRedirect) (check_localredirect): Ok
50% done
Connection to muttivillas.novikov.in:80	Success

2025-Apr-27 00:46:55 Внутреннее перенаправление (функция LocalRedirect) (check_localredirect): Ok
Connection to muttivillas.novikov.in:80	Success

Успешно
2025-Apr-27 00:46:55 Фактическое ограничение памяти (check_memory_limit): Ok
20% done
Connection to muttivillas.novikov.in:80	Success

2025-Apr-27 00:46:55 Фактическое ограничение памяти (check_memory_limit): Ok
40% done
Connection to muttivillas.novikov.in:80	Success

2025-Apr-27 00:46:56 Фактическое ограничение памяти (check_memory_limit): Ok
60% done
Connection to muttivillas.novikov.in:80	Success

2025-Apr-27 00:46:56 Фактическое ограничение памяти (check_memory_limit): Ok
80% done
Connection to muttivillas.novikov.in:80	Success

2025-Apr-27 00:46:57 Фактическое ограничение памяти (check_memory_limit): Ok
Connection to muttivillas.novikov.in:80	Success

Не менее 256 М
2025-Apr-27 00:46:58 Работа с файлами кеша (check_cache): Ok
Успешно
2025-Apr-27 00:46:58 Доступ к серверу обновлений (check_update): Ok
Успешно
2025-Apr-27 00:46:59 HTTP авторизация (check_http_auth): Ok
Connection to muttivillas.novikov.in:80	Success

Успешно
2025-Apr-27 00:47:00 Создание и запуск файла (check_exec): Ok
Connection to muttivillas.novikov.in:80	Success

Успешно
2025-Apr-27 00:47:00 Функция getimagesize для swf (check_getimagesize): Ok
Успешно
2025-Apr-27 00:47:01 Версия MySQL-сервера (check_mysql_bug_version): Ok
Успешно
2025-Apr-27 00:47:02 Время на БД и веб-сервере (check_mysql_time): Ok
Успешно
2025-Apr-27 00:47:02 Режим работы MySQL (check_mysql_mode): Ok
Успешно
2025-Apr-27 00:47:03 Кодировка соединения (check_mysql_connection_charset): Ok
character_set_connection=utf8mb4, collation_connection=utf8mb4_0900_ai_ci, character_set_results=utf8mb4
Успешно
2025-Apr-27 00:47:03 Кодировка базы данных (check_mysql_db_charset): Ok
CHARSET=utf8mb4, COLLATION=utf8mb4_0900_ai_ci
Успешно
2025-Apr-27 00:47:04 Формат хранения таблиц в БД (check_mysql_table_format): Ok
Успешно
2025-Apr-27 00:47:11 Кодировки таблиц в БД (check_mysql_table_charset): Ok
Успешно
2025-Apr-27 00:47:11 Структура базы данных (check_mysql_table_structure): Ok
0% done
2025-Apr-27 00:47:13 Структура базы данных (check_mysql_table_structure): Ok
2% done
2025-Apr-27 00:47:13 Структура базы данных (check_mysql_table_structure): Ok
4% done
2025-Apr-27 00:47:13 Структура базы данных (check_mysql_table_structure): Ok
6% done
2025-Apr-27 00:47:17 Структура базы данных (check_mysql_table_structure): Ok
8% done
2025-Apr-27 00:47:17 Структура базы данных (check_mysql_table_structure): Ok
10% done
2025-Apr-27 00:47:19 Структура базы данных (check_mysql_table_structure): Ok
12% done
2025-Apr-27 00:47:23 Структура базы данных (check_mysql_table_structure): Ok
14% done
2025-Apr-27 00:47:28 Структура базы данных (check_mysql_table_structure): Ok
16% done
2025-Apr-27 00:47:29 Структура базы данных (check_mysql_table_structure): Ok
18% done
2025-Apr-27 00:47:30 Структура базы данных (check_mysql_table_structure): Ok
20% done
2025-Apr-27 00:47:30 Структура базы данных (check_mysql_table_structure): Ok
22% done
2025-Apr-27 00:47:31 Структура базы данных (check_mysql_table_structure): Ok
24% done
2025-Apr-27 00:47:33 Структура базы данных (check_mysql_table_structure): Ok
26% done
2025-Apr-27 00:47:36 Структура базы данных (check_mysql_table_structure): Ok
28% done
2025-Apr-27 00:47:37 Структура базы данных (check_mysql_table_structure): Ok
30% done
2025-Apr-27 00:47:40 Структура базы данных (check_mysql_table_structure): Ok
32% done
2025-Apr-27 00:47:40 Структура базы данных (check_mysql_table_structure): Ok
34% done
2025-Apr-27 00:47:47 Структура базы данных (check_mysql_table_structure): Ok
36% done
2025-Apr-27 00:47:51 Структура базы данных (check_mysql_table_structure): Ok
38% done
2025-Apr-27 00:47:53 Структура базы данных (check_mysql_table_structure): Ok
40% done
2025-Apr-27 00:47:53 Структура базы данных (check_mysql_table_structure): Ok
42% done
2025-Apr-27 00:47:55 Структура базы данных (check_mysql_table_structure): Ok
44% done
2025-Apr-27 00:47:58 Структура базы данных (check_mysql_table_structure): Ok
46% done
2025-Apr-27 00:48:10 Структура базы данных (check_mysql_table_structure): Ok
48% done
2025-Apr-27 00:48:11 Структура базы данных (check_mysql_table_structure): Ok
51% done
2025-Apr-27 00:48:11 Структура базы данных (check_mysql_table_structure): Ok
53% done
2025-Apr-27 00:48:13 Структура базы данных (check_mysql_table_structure): Ok
55% done
2025-Apr-27 00:48:13 Структура базы данных (check_mysql_table_structure): Ok
57% done
2025-Apr-27 00:48:13 Структура базы данных (check_mysql_table_structure): Ok
59% done
2025-Apr-27 00:48:15 Структура базы данных (check_mysql_table_structure): Ok
61% done
2025-Apr-27 00:48:17 Структура базы данных (check_mysql_table_structure): Ok
63% done
2025-Apr-27 00:48:32 Структура базы данных (check_mysql_table_structure): Ok
65% done
2025-Apr-27 00:48:33 Структура базы данных (check_mysql_table_structure): Ok
67% done
2025-Apr-27 00:48:34 Структура базы данных (check_mysql_table_structure): Ok
69% done
2025-Apr-27 00:48:39 Структура базы данных (check_mysql_table_structure): Ok
71% done
2025-Apr-27 00:48:41 Структура базы данных (check_mysql_table_structure): Ok
73% done
2025-Apr-27 00:48:47 Структура базы данных (check_mysql_table_structure): Ok
75% done
2025-Apr-27 00:48:48 Структура базы данных (check_mysql_table_structure): Ok
77% done
2025-Apr-27 00:48:53 Структура базы данных (check_mysql_table_structure): Ok
79% done
2025-Apr-27 00:48:53 Структура базы данных (check_mysql_table_structure): Ok
81% done
2025-Apr-27 00:48:54 Структура базы данных (check_mysql_table_structure): Ok
83% done
2025-Apr-27 00:48:56 Структура базы данных (check_mysql_table_structure): Ok
85% done
2025-Apr-27 00:48:57 Структура базы данных (check_mysql_table_structure): Ok
87% done
2025-Apr-27 00:48:58 Структура базы данных (check_mysql_table_structure): Ok
89% done
2025-Apr-27 00:48:59 Структура базы данных (check_mysql_table_structure): Ok
91% done
2025-Apr-27 00:48:59 Структура базы данных (check_mysql_table_structure): Ok
93% done
2025-Apr-27 00:48:59 Структура базы данных (check_mysql_table_structure): Ok
95% done
2025-Apr-27 00:49:00 Структура базы данных (check_mysql_table_structure): Ok
97% done
2025-Apr-27 00:49:00 Структура базы данных (check_mysql_table_structure): Ok
Успешно
